[2025-11-05T03:53:38.005+0000] {local_task_job_runner.py:120} INFO - ::group::Pre task execution logs
[2025-11-05T03:53:38.030+0000] {taskinstance.py:2076} INFO - Dependencies all met for dep_context=non-requeueable deps ti=<TaskInstance: imdb_pipeline.analyze manual__2025-11-05T03:53:16.658337+00:00 [queued]>
[2025-11-05T03:53:38.037+0000] {taskinstance.py:2076} INFO - Dependencies all met for dep_context=requeueable deps ti=<TaskInstance: imdb_pipeline.analyze manual__2025-11-05T03:53:16.658337+00:00 [queued]>
[2025-11-05T03:53:38.038+0000] {taskinstance.py:2306} INFO - Starting attempt 1 of 2
[2025-11-05T03:53:38.047+0000] {taskinstance.py:2330} INFO - Executing <Task(PythonOperator): analyze> on 2025-11-05 03:53:16.658337+00:00
[2025-11-05T03:53:38.054+0000] {standard_task_runner.py:90} INFO - Running: ['***', 'tasks', 'run', 'imdb_pipeline', 'analyze', 'manual__2025-11-05T03:53:16.658337+00:00', '--job-id', '11', '--raw', '--subdir', 'DAGS_FOLDER/imdb_pipeline.py', '--cfg-path', '/tmp/tmpmdsocq3t']
[2025-11-05T03:53:38.057+0000] {standard_task_runner.py:91} INFO - Job 11: Subtask analyze
[2025-11-05T03:53:38.057+0000] {logging_mixin.py:188} WARNING - /home/***/.local/lib/python3.12/site-packages/***/task/task_runner/standard_task_runner.py:61 DeprecationWarning: This process (pid=211) is multi-threaded, use of fork() may lead to deadlocks in the child.
[2025-11-05T03:53:38.058+0000] {standard_task_runner.py:63} INFO - Started process 220 to run task
[2025-11-05T03:53:38.124+0000] {task_command.py:426} INFO - Running <TaskInstance: imdb_pipeline.analyze manual__2025-11-05T03:53:16.658337+00:00 [running]> on host 4f94d44a4e6f
[2025-11-05T03:53:38.210+0000] {taskinstance.py:2648} INFO - Exporting env vars: AIRFLOW_CTX_DAG_OWNER='***' AIRFLOW_CTX_DAG_ID='imdb_pipeline' AIRFLOW_CTX_TASK_ID='analyze' AIRFLOW_CTX_EXECUTION_DATE='2025-11-05T03:53:16.658337+00:00' AIRFLOW_CTX_TRY_NUMBER='1' AIRFLOW_CTX_DAG_RUN_ID='manual__2025-11-05T03:53:16.658337+00:00'
[2025-11-05T03:53:38.211+0000] {taskinstance.py:430} INFO - ::endgroup::
[2025-11-05T03:53:38.245+0000] {logging_mixin.py:188} INFO - Top 5 rated movies:
[2025-11-05T03:53:38.250+0000] {logging_mixin.py:188} INFO -                                  title  rating
3                         Heat (1995)    4.75
1                    GoldenEye (1995)    4.00
0  Father of the Bride Part II (1995)    4.00
2             Grumpier Old Men (1995)    4.00
6                    Toy Story (1995)    4.00
[2025-11-05T03:53:38.266+0000] {python.py:237} INFO - Done. Returned value was: None
[2025-11-05T03:53:38.267+0000] {taskinstance.py:441} INFO - ::group::Post task execution logs
[2025-11-05T03:53:38.277+0000] {taskinstance.py:1206} INFO - Marking task as SUCCESS. dag_id=imdb_pipeline, task_id=analyze, run_id=manual__2025-11-05T03:53:16.658337+00:00, execution_date=20251105T035316, start_date=20251105T035338, end_date=20251105T035338
[2025-11-05T03:53:38.313+0000] {local_task_job_runner.py:240} INFO - Task exited with return code 0
[2025-11-05T03:53:38.328+0000] {taskinstance.py:3503} INFO - 0 downstream tasks scheduled from follow-on schedule check
[2025-11-05T03:53:38.330+0000] {local_task_job_runner.py:222} INFO - ::endgroup::
