[2025-11-05T03:53:27.613+0000] {local_task_job_runner.py:120} INFO - ::group::Pre task execution logs
[2025-11-05T03:53:27.637+0000] {taskinstance.py:2076} INFO - Dependencies all met for dep_context=non-requeueable deps ti=<TaskInstance: imdb_pipeline.analyze scheduled__2025-11-04T00:00:00+00:00 [queued]>
[2025-11-05T03:53:27.643+0000] {taskinstance.py:2076} INFO - Dependencies all met for dep_context=requeueable deps ti=<TaskInstance: imdb_pipeline.analyze scheduled__2025-11-04T00:00:00+00:00 [queued]>
[2025-11-05T03:53:27.644+0000] {taskinstance.py:2306} INFO - Starting attempt 1 of 2
[2025-11-05T03:53:27.654+0000] {taskinstance.py:2330} INFO - Executing <Task(PythonOperator): analyze> on 2025-11-04 00:00:00+00:00
[2025-11-05T03:53:27.661+0000] {standard_task_runner.py:90} INFO - Running: ['***', 'tasks', 'run', 'imdb_pipeline', 'analyze', 'scheduled__2025-11-04T00:00:00+00:00', '--job-id', '8', '--raw', '--subdir', 'DAGS_FOLDER/imdb_pipeline.py', '--cfg-path', '/tmp/tmp_bs67045']
[2025-11-05T03:53:27.664+0000] {standard_task_runner.py:91} INFO - Job 8: Subtask analyze
[2025-11-05T03:53:27.664+0000] {logging_mixin.py:188} WARNING - /home/***/.local/lib/python3.12/site-packages/***/task/task_runner/standard_task_runner.py:61 DeprecationWarning: This process (pid=181) is multi-threaded, use of fork() may lead to deadlocks in the child.
[2025-11-05T03:53:27.665+0000] {standard_task_runner.py:63} INFO - Started process 190 to run task
[2025-11-05T03:53:27.744+0000] {task_command.py:426} INFO - Running <TaskInstance: imdb_pipeline.analyze scheduled__2025-11-04T00:00:00+00:00 [running]> on host 4f94d44a4e6f
[2025-11-05T03:53:27.825+0000] {taskinstance.py:2648} INFO - Exporting env vars: AIRFLOW_CTX_DAG_OWNER='***' AIRFLOW_CTX_DAG_ID='imdb_pipeline' AIRFLOW_CTX_TASK_ID='analyze' AIRFLOW_CTX_EXECUTION_DATE='2025-11-04T00:00:00+00:00' AIRFLOW_CTX_TRY_NUMBER='1' AIRFLOW_CTX_DAG_RUN_ID='scheduled__2025-11-04T00:00:00+00:00'
[2025-11-05T03:53:27.826+0000] {taskinstance.py:430} INFO - ::endgroup::
[2025-11-05T03:53:27.861+0000] {logging_mixin.py:188} INFO - Top 5 rated movies:
[2025-11-05T03:53:27.870+0000] {logging_mixin.py:188} INFO -                                  title  rating
3                         Heat (1995)    4.75
1                    GoldenEye (1995)    4.00
0  Father of the Bride Part II (1995)    4.00
2             Grumpier Old Men (1995)    4.00
6                    Toy Story (1995)    4.00
[2025-11-05T03:53:27.890+0000] {python.py:237} INFO - Done. Returned value was: None
[2025-11-05T03:53:27.891+0000] {taskinstance.py:441} INFO - ::group::Post task execution logs
[2025-11-05T03:53:27.900+0000] {taskinstance.py:1206} INFO - Marking task as SUCCESS. dag_id=imdb_pipeline, task_id=analyze, run_id=scheduled__2025-11-04T00:00:00+00:00, execution_date=20251104T000000, start_date=20251105T035327, end_date=20251105T035327
[2025-11-05T03:53:27.919+0000] {local_task_job_runner.py:240} INFO - Task exited with return code 0
[2025-11-05T03:53:27.934+0000] {taskinstance.py:3503} INFO - 0 downstream tasks scheduled from follow-on schedule check
[2025-11-05T03:53:27.936+0000] {local_task_job_runner.py:222} INFO - ::endgroup::
