[2025-11-05T03:49:11.370+0000] {processor.py:161} INFO - Started process (PID=45) to work on /opt/airflow/dags/imdb_pipeline.py
[2025-11-05T03:49:11.371+0000] {processor.py:830} INFO - Processing file /opt/airflow/dags/imdb_pipeline.py for tasks to queue
[2025-11-05T03:49:11.373+0000] {logging_mixin.py:188} INFO - [2025-11-05T03:49:11.373+0000] {dagbag.py:545} INFO - Filling up the DagBag from /opt/airflow/dags/imdb_pipeline.py
[2025-11-05T03:49:12.796+0000] {processor.py:840} INFO - DAG(s) 'imdb_pipeline' retrieved from /opt/airflow/dags/imdb_pipeline.py
[2025-11-05T03:49:13.114+0000] {logging_mixin.py:188} INFO - [2025-11-05T03:49:13.114+0000] {override.py:1829} INFO - Created Permission View: can delete on DAG:imdb_pipeline
[2025-11-05T03:49:13.124+0000] {logging_mixin.py:188} INFO - [2025-11-05T03:49:13.124+0000] {override.py:1829} INFO - Created Permission View: can edit on DAG:imdb_pipeline
[2025-11-05T03:49:13.131+0000] {logging_mixin.py:188} INFO - [2025-11-05T03:49:13.131+0000] {override.py:1829} INFO - Created Permission View: can read on DAG:imdb_pipeline
[2025-11-05T03:49:13.132+0000] {logging_mixin.py:188} INFO - [2025-11-05T03:49:13.132+0000] {dag.py:3096} INFO - Sync 1 DAGs
[2025-11-05T03:49:13.294+0000] {logging_mixin.py:188} INFO - [2025-11-05T03:49:13.294+0000] {dag.py:3118} INFO - Creating ORM DAG for imdb_pipeline
[2025-11-05T03:49:13.306+0000] {logging_mixin.py:188} INFO - [2025-11-05T03:49:13.306+0000] {dag.py:3954} INFO - Setting next_dagrun for imdb_pipeline to 2025-11-04 00:00:00+00:00, run_after=2025-11-05 00:00:00+00:00
[2025-11-05T03:49:13.333+0000] {processor.py:183} INFO - Processing /opt/airflow/dags/imdb_pipeline.py took 1.969 seconds
[2025-11-05T03:49:43.554+0000] {processor.py:161} INFO - Started process (PID=87) to work on /opt/airflow/dags/imdb_pipeline.py
[2025-11-05T03:49:43.556+0000] {processor.py:830} INFO - Processing file /opt/airflow/dags/imdb_pipeline.py for tasks to queue
[2025-11-05T03:49:43.558+0000] {logging_mixin.py:188} INFO - [2025-11-05T03:49:43.558+0000] {dagbag.py:545} INFO - Filling up the DagBag from /opt/airflow/dags/imdb_pipeline.py
[2025-11-05T03:49:43.942+0000] {processor.py:840} INFO - DAG(s) 'imdb_pipeline' retrieved from /opt/airflow/dags/imdb_pipeline.py
[2025-11-05T03:49:43.958+0000] {logging_mixin.py:188} INFO - [2025-11-05T03:49:43.958+0000] {dag.py:3096} INFO - Sync 1 DAGs
[2025-11-05T03:49:43.982+0000] {logging_mixin.py:188} INFO - [2025-11-05T03:49:43.982+0000] {dag.py:3954} INFO - Setting next_dagrun for imdb_pipeline to 2025-11-04 00:00:00+00:00, run_after=2025-11-05 00:00:00+00:00
[2025-11-05T03:49:44.006+0000] {processor.py:183} INFO - Processing /opt/airflow/dags/imdb_pipeline.py took 0.463 seconds
[2025-11-05T03:50:14.205+0000] {processor.py:161} INFO - Started process (PID=99) to work on /opt/airflow/dags/imdb_pipeline.py
[2025-11-05T03:50:14.206+0000] {processor.py:830} INFO - Processing file /opt/airflow/dags/imdb_pipeline.py for tasks to queue
[2025-11-05T03:50:14.208+0000] {logging_mixin.py:188} INFO - [2025-11-05T03:50:14.208+0000] {dagbag.py:545} INFO - Filling up the DagBag from /opt/airflow/dags/imdb_pipeline.py
[2025-11-05T03:50:14.535+0000] {processor.py:840} INFO - DAG(s) 'imdb_pipeline' retrieved from /opt/airflow/dags/imdb_pipeline.py
[2025-11-05T03:50:14.807+0000] {logging_mixin.py:188} INFO - [2025-11-05T03:50:14.807+0000] {dag.py:3096} INFO - Sync 1 DAGs
[2025-11-05T03:50:14.823+0000] {logging_mixin.py:188} INFO - [2025-11-05T03:50:14.822+0000] {dag.py:3954} INFO - Setting next_dagrun for imdb_pipeline to 2025-11-04 00:00:00+00:00, run_after=2025-11-05 00:00:00+00:00
[2025-11-05T03:50:14.842+0000] {processor.py:183} INFO - Processing /opt/airflow/dags/imdb_pipeline.py took 0.645 seconds
[2025-11-05T03:50:44.966+0000] {processor.py:161} INFO - Started process (PID=108) to work on /opt/airflow/dags/imdb_pipeline.py
[2025-11-05T03:50:44.967+0000] {processor.py:830} INFO - Processing file /opt/airflow/dags/imdb_pipeline.py for tasks to queue
[2025-11-05T03:50:44.969+0000] {logging_mixin.py:188} INFO - [2025-11-05T03:50:44.969+0000] {dagbag.py:545} INFO - Filling up the DagBag from /opt/airflow/dags/imdb_pipeline.py
[2025-11-05T03:50:45.236+0000] {processor.py:840} INFO - DAG(s) 'imdb_pipeline' retrieved from /opt/airflow/dags/imdb_pipeline.py
[2025-11-05T03:50:45.262+0000] {logging_mixin.py:188} INFO - [2025-11-05T03:50:45.261+0000] {dag.py:3096} INFO - Sync 1 DAGs
[2025-11-05T03:50:45.282+0000] {logging_mixin.py:188} INFO - [2025-11-05T03:50:45.281+0000] {dag.py:3954} INFO - Setting next_dagrun for imdb_pipeline to 2025-11-04 00:00:00+00:00, run_after=2025-11-05 00:00:00+00:00
[2025-11-05T03:50:45.300+0000] {processor.py:183} INFO - Processing /opt/airflow/dags/imdb_pipeline.py took 0.341 seconds
[2025-11-05T03:51:15.542+0000] {processor.py:161} INFO - Started process (PID=110) to work on /opt/airflow/dags/imdb_pipeline.py
[2025-11-05T03:51:15.543+0000] {processor.py:830} INFO - Processing file /opt/airflow/dags/imdb_pipeline.py for tasks to queue
[2025-11-05T03:51:15.544+0000] {logging_mixin.py:188} INFO - [2025-11-05T03:51:15.544+0000] {dagbag.py:545} INFO - Filling up the DagBag from /opt/airflow/dags/imdb_pipeline.py
[2025-11-05T03:51:15.759+0000] {processor.py:840} INFO - DAG(s) 'imdb_pipeline' retrieved from /opt/airflow/dags/imdb_pipeline.py
[2025-11-05T03:51:15.783+0000] {logging_mixin.py:188} INFO - [2025-11-05T03:51:15.782+0000] {dag.py:3096} INFO - Sync 1 DAGs
[2025-11-05T03:51:15.799+0000] {logging_mixin.py:188} INFO - [2025-11-05T03:51:15.799+0000] {dag.py:3954} INFO - Setting next_dagrun for imdb_pipeline to 2025-11-04 00:00:00+00:00, run_after=2025-11-05 00:00:00+00:00
[2025-11-05T03:51:15.815+0000] {processor.py:183} INFO - Processing /opt/airflow/dags/imdb_pipeline.py took 0.280 seconds
[2025-11-05T03:51:46.051+0000] {processor.py:161} INFO - Started process (PID=112) to work on /opt/airflow/dags/imdb_pipeline.py
[2025-11-05T03:51:46.052+0000] {processor.py:830} INFO - Processing file /opt/airflow/dags/imdb_pipeline.py for tasks to queue
[2025-11-05T03:51:46.054+0000] {logging_mixin.py:188} INFO - [2025-11-05T03:51:46.054+0000] {dagbag.py:545} INFO - Filling up the DagBag from /opt/airflow/dags/imdb_pipeline.py
[2025-11-05T03:51:46.314+0000] {processor.py:840} INFO - DAG(s) 'imdb_pipeline' retrieved from /opt/airflow/dags/imdb_pipeline.py
[2025-11-05T03:51:46.345+0000] {logging_mixin.py:188} INFO - [2025-11-05T03:51:46.345+0000] {dag.py:3096} INFO - Sync 1 DAGs
[2025-11-05T03:51:46.364+0000] {logging_mixin.py:188} INFO - [2025-11-05T03:51:46.364+0000] {dag.py:3954} INFO - Setting next_dagrun for imdb_pipeline to 2025-11-04 00:00:00+00:00, run_after=2025-11-05 00:00:00+00:00
[2025-11-05T03:51:46.509+0000] {processor.py:183} INFO - Processing /opt/airflow/dags/imdb_pipeline.py took 0.465 seconds
[2025-11-05T03:52:16.704+0000] {processor.py:161} INFO - Started process (PID=115) to work on /opt/airflow/dags/imdb_pipeline.py
[2025-11-05T03:52:16.705+0000] {processor.py:830} INFO - Processing file /opt/airflow/dags/imdb_pipeline.py for tasks to queue
[2025-11-05T03:52:16.707+0000] {logging_mixin.py:188} INFO - [2025-11-05T03:52:16.707+0000] {dagbag.py:545} INFO - Filling up the DagBag from /opt/airflow/dags/imdb_pipeline.py
[2025-11-05T03:52:16.956+0000] {processor.py:840} INFO - DAG(s) 'imdb_pipeline' retrieved from /opt/airflow/dags/imdb_pipeline.py
[2025-11-05T03:52:16.982+0000] {logging_mixin.py:188} INFO - [2025-11-05T03:52:16.981+0000] {dag.py:3096} INFO - Sync 1 DAGs
[2025-11-05T03:52:17.009+0000] {logging_mixin.py:188} INFO - [2025-11-05T03:52:17.008+0000] {dag.py:3954} INFO - Setting next_dagrun for imdb_pipeline to 2025-11-04 00:00:00+00:00, run_after=2025-11-05 00:00:00+00:00
[2025-11-05T03:52:17.037+0000] {processor.py:183} INFO - Processing /opt/airflow/dags/imdb_pipeline.py took 0.340 seconds
[2025-11-05T03:52:47.286+0000] {processor.py:161} INFO - Started process (PID=117) to work on /opt/airflow/dags/imdb_pipeline.py
[2025-11-05T03:52:47.287+0000] {processor.py:830} INFO - Processing file /opt/airflow/dags/imdb_pipeline.py for tasks to queue
[2025-11-05T03:52:47.289+0000] {logging_mixin.py:188} INFO - [2025-11-05T03:52:47.289+0000] {dagbag.py:545} INFO - Filling up the DagBag from /opt/airflow/dags/imdb_pipeline.py
[2025-11-05T03:52:47.594+0000] {processor.py:840} INFO - DAG(s) 'imdb_pipeline' retrieved from /opt/airflow/dags/imdb_pipeline.py
[2025-11-05T03:52:47.628+0000] {logging_mixin.py:188} INFO - [2025-11-05T03:52:47.627+0000] {dag.py:3096} INFO - Sync 1 DAGs
[2025-11-05T03:52:47.656+0000] {logging_mixin.py:188} INFO - [2025-11-05T03:52:47.655+0000] {dag.py:3954} INFO - Setting next_dagrun for imdb_pipeline to 2025-11-04 00:00:00+00:00, run_after=2025-11-05 00:00:00+00:00
[2025-11-05T03:52:47.673+0000] {processor.py:183} INFO - Processing /opt/airflow/dags/imdb_pipeline.py took 0.395 seconds
[2025-11-05T03:53:17.856+0000] {processor.py:161} INFO - Started process (PID=159) to work on /opt/airflow/dags/imdb_pipeline.py
[2025-11-05T03:53:17.858+0000] {processor.py:830} INFO - Processing file /opt/airflow/dags/imdb_pipeline.py for tasks to queue
[2025-11-05T03:53:17.860+0000] {logging_mixin.py:188} INFO - [2025-11-05T03:53:17.860+0000] {dagbag.py:545} INFO - Filling up the DagBag from /opt/airflow/dags/imdb_pipeline.py
[2025-11-05T03:53:18.186+0000] {processor.py:840} INFO - DAG(s) 'imdb_pipeline' retrieved from /opt/airflow/dags/imdb_pipeline.py
[2025-11-05T03:53:18.213+0000] {logging_mixin.py:188} INFO - [2025-11-05T03:53:18.213+0000] {dag.py:3096} INFO - Sync 1 DAGs
[2025-11-05T03:53:18.235+0000] {logging_mixin.py:188} INFO - [2025-11-05T03:53:18.235+0000] {dag.py:3954} INFO - Setting next_dagrun for imdb_pipeline to 2025-11-05 00:00:00+00:00, run_after=2025-11-06 00:00:00+00:00
[2025-11-05T03:53:18.254+0000] {processor.py:183} INFO - Processing /opt/airflow/dags/imdb_pipeline.py took 0.408 seconds
[2025-11-05T03:53:48.454+0000] {processor.py:161} INFO - Started process (PID=221) to work on /opt/airflow/dags/imdb_pipeline.py
[2025-11-05T03:53:48.455+0000] {processor.py:830} INFO - Processing file /opt/airflow/dags/imdb_pipeline.py for tasks to queue
[2025-11-05T03:53:48.457+0000] {logging_mixin.py:188} INFO - [2025-11-05T03:53:48.457+0000] {dagbag.py:545} INFO - Filling up the DagBag from /opt/airflow/dags/imdb_pipeline.py
[2025-11-05T03:53:48.736+0000] {processor.py:840} INFO - DAG(s) 'imdb_pipeline' retrieved from /opt/airflow/dags/imdb_pipeline.py
[2025-11-05T03:53:48.763+0000] {logging_mixin.py:188} INFO - [2025-11-05T03:53:48.762+0000] {dag.py:3096} INFO - Sync 1 DAGs
[2025-11-05T03:53:48.784+0000] {logging_mixin.py:188} INFO - [2025-11-05T03:53:48.784+0000] {dag.py:3954} INFO - Setting next_dagrun for imdb_pipeline to 2025-11-05 00:00:00+00:00, run_after=2025-11-06 00:00:00+00:00
[2025-11-05T03:53:48.802+0000] {processor.py:183} INFO - Processing /opt/airflow/dags/imdb_pipeline.py took 0.356 seconds
[2025-11-05T03:54:19.018+0000] {processor.py:161} INFO - Started process (PID=223) to work on /opt/airflow/dags/imdb_pipeline.py
[2025-11-05T03:54:19.019+0000] {processor.py:830} INFO - Processing file /opt/airflow/dags/imdb_pipeline.py for tasks to queue
[2025-11-05T03:54:19.020+0000] {logging_mixin.py:188} INFO - [2025-11-05T03:54:19.020+0000] {dagbag.py:545} INFO - Filling up the DagBag from /opt/airflow/dags/imdb_pipeline.py
[2025-11-05T03:54:19.251+0000] {processor.py:840} INFO - DAG(s) 'imdb_pipeline' retrieved from /opt/airflow/dags/imdb_pipeline.py
[2025-11-05T03:54:19.275+0000] {logging_mixin.py:188} INFO - [2025-11-05T03:54:19.275+0000] {dag.py:3096} INFO - Sync 1 DAGs
[2025-11-05T03:54:19.292+0000] {logging_mixin.py:188} INFO - [2025-11-05T03:54:19.292+0000] {dag.py:3954} INFO - Setting next_dagrun for imdb_pipeline to 2025-11-05 00:00:00+00:00, run_after=2025-11-06 00:00:00+00:00
[2025-11-05T03:54:19.443+0000] {processor.py:183} INFO - Processing /opt/airflow/dags/imdb_pipeline.py took 0.432 seconds
[2025-11-05T03:54:49.694+0000] {processor.py:161} INFO - Started process (PID=225) to work on /opt/airflow/dags/imdb_pipeline.py
[2025-11-05T03:54:49.695+0000] {processor.py:830} INFO - Processing file /opt/airflow/dags/imdb_pipeline.py for tasks to queue
[2025-11-05T03:54:49.697+0000] {logging_mixin.py:188} INFO - [2025-11-05T03:54:49.697+0000] {dagbag.py:545} INFO - Filling up the DagBag from /opt/airflow/dags/imdb_pipeline.py
[2025-11-05T03:54:49.947+0000] {processor.py:840} INFO - DAG(s) 'imdb_pipeline' retrieved from /opt/airflow/dags/imdb_pipeline.py
[2025-11-05T03:54:49.972+0000] {logging_mixin.py:188} INFO - [2025-11-05T03:54:49.972+0000] {dag.py:3096} INFO - Sync 1 DAGs
[2025-11-05T03:54:50.119+0000] {logging_mixin.py:188} INFO - [2025-11-05T03:54:50.119+0000] {dag.py:3954} INFO - Setting next_dagrun for imdb_pipeline to 2025-11-05 00:00:00+00:00, run_after=2025-11-06 00:00:00+00:00
[2025-11-05T03:54:50.135+0000] {processor.py:183} INFO - Processing /opt/airflow/dags/imdb_pipeline.py took 0.448 seconds
[2025-11-05T03:55:20.351+0000] {processor.py:161} INFO - Started process (PID=227) to work on /opt/airflow/dags/imdb_pipeline.py
[2025-11-05T03:55:20.353+0000] {processor.py:830} INFO - Processing file /opt/airflow/dags/imdb_pipeline.py for tasks to queue
[2025-11-05T03:55:20.355+0000] {logging_mixin.py:188} INFO - [2025-11-05T03:55:20.354+0000] {dagbag.py:545} INFO - Filling up the DagBag from /opt/airflow/dags/imdb_pipeline.py
[2025-11-05T03:55:20.617+0000] {processor.py:840} INFO - DAG(s) 'imdb_pipeline' retrieved from /opt/airflow/dags/imdb_pipeline.py
[2025-11-05T03:55:20.646+0000] {logging_mixin.py:188} INFO - [2025-11-05T03:55:20.645+0000] {dag.py:3096} INFO - Sync 1 DAGs
[2025-11-05T03:55:20.664+0000] {logging_mixin.py:188} INFO - [2025-11-05T03:55:20.664+0000] {dag.py:3954} INFO - Setting next_dagrun for imdb_pipeline to 2025-11-05 00:00:00+00:00, run_after=2025-11-06 00:00:00+00:00
[2025-11-05T03:55:20.683+0000] {processor.py:183} INFO - Processing /opt/airflow/dags/imdb_pipeline.py took 0.339 seconds
[2025-11-05T03:55:50.889+0000] {processor.py:161} INFO - Started process (PID=229) to work on /opt/airflow/dags/imdb_pipeline.py
[2025-11-05T03:55:50.890+0000] {processor.py:830} INFO - Processing file /opt/airflow/dags/imdb_pipeline.py for tasks to queue
[2025-11-05T03:55:50.892+0000] {logging_mixin.py:188} INFO - [2025-11-05T03:55:50.892+0000] {dagbag.py:545} INFO - Filling up the DagBag from /opt/airflow/dags/imdb_pipeline.py
[2025-11-05T03:55:51.183+0000] {processor.py:840} INFO - DAG(s) 'imdb_pipeline' retrieved from /opt/airflow/dags/imdb_pipeline.py
[2025-11-05T03:55:51.210+0000] {logging_mixin.py:188} INFO - [2025-11-05T03:55:51.209+0000] {dag.py:3096} INFO - Sync 1 DAGs
[2025-11-05T03:55:51.233+0000] {logging_mixin.py:188} INFO - [2025-11-05T03:55:51.233+0000] {dag.py:3954} INFO - Setting next_dagrun for imdb_pipeline to 2025-11-05 00:00:00+00:00, run_after=2025-11-06 00:00:00+00:00
[2025-11-05T03:55:51.256+0000] {processor.py:183} INFO - Processing /opt/airflow/dags/imdb_pipeline.py took 0.374 seconds
[2025-11-05T03:56:21.441+0000] {processor.py:161} INFO - Started process (PID=231) to work on /opt/airflow/dags/imdb_pipeline.py
[2025-11-05T03:56:21.442+0000] {processor.py:830} INFO - Processing file /opt/airflow/dags/imdb_pipeline.py for tasks to queue
[2025-11-05T03:56:21.443+0000] {logging_mixin.py:188} INFO - [2025-11-05T03:56:21.443+0000] {dagbag.py:545} INFO - Filling up the DagBag from /opt/airflow/dags/imdb_pipeline.py
[2025-11-05T03:56:21.777+0000] {processor.py:840} INFO - DAG(s) 'imdb_pipeline' retrieved from /opt/airflow/dags/imdb_pipeline.py
[2025-11-05T03:56:21.801+0000] {logging_mixin.py:188} INFO - [2025-11-05T03:56:21.801+0000] {dag.py:3096} INFO - Sync 1 DAGs
[2025-11-05T03:56:21.821+0000] {logging_mixin.py:188} INFO - [2025-11-05T03:56:21.821+0000] {dag.py:3954} INFO - Setting next_dagrun for imdb_pipeline to 2025-11-05 00:00:00+00:00, run_after=2025-11-06 00:00:00+00:00
[2025-11-05T03:56:21.841+0000] {processor.py:183} INFO - Processing /opt/airflow/dags/imdb_pipeline.py took 0.408 seconds
[2025-11-05T03:56:52.092+0000] {processor.py:161} INFO - Started process (PID=233) to work on /opt/airflow/dags/imdb_pipeline.py
[2025-11-05T03:56:52.093+0000] {processor.py:830} INFO - Processing file /opt/airflow/dags/imdb_pipeline.py for tasks to queue
[2025-11-05T03:56:52.095+0000] {logging_mixin.py:188} INFO - [2025-11-05T03:56:52.094+0000] {dagbag.py:545} INFO - Filling up the DagBag from /opt/airflow/dags/imdb_pipeline.py
[2025-11-05T03:56:52.348+0000] {processor.py:840} INFO - DAG(s) 'imdb_pipeline' retrieved from /opt/airflow/dags/imdb_pipeline.py
[2025-11-05T03:56:52.373+0000] {logging_mixin.py:188} INFO - [2025-11-05T03:56:52.372+0000] {dag.py:3096} INFO - Sync 1 DAGs
[2025-11-05T03:56:52.392+0000] {logging_mixin.py:188} INFO - [2025-11-05T03:56:52.392+0000] {dag.py:3954} INFO - Setting next_dagrun for imdb_pipeline to 2025-11-05 00:00:00+00:00, run_after=2025-11-06 00:00:00+00:00
[2025-11-05T03:56:52.546+0000] {processor.py:183} INFO - Processing /opt/airflow/dags/imdb_pipeline.py took 0.463 seconds
[2025-11-05T03:57:22.747+0000] {processor.py:161} INFO - Started process (PID=235) to work on /opt/airflow/dags/imdb_pipeline.py
[2025-11-05T03:57:22.748+0000] {processor.py:830} INFO - Processing file /opt/airflow/dags/imdb_pipeline.py for tasks to queue
[2025-11-05T03:57:22.750+0000] {logging_mixin.py:188} INFO - [2025-11-05T03:57:22.750+0000] {dagbag.py:545} INFO - Filling up the DagBag from /opt/airflow/dags/imdb_pipeline.py
[2025-11-05T03:57:23.002+0000] {processor.py:840} INFO - DAG(s) 'imdb_pipeline' retrieved from /opt/airflow/dags/imdb_pipeline.py
[2025-11-05T03:57:23.028+0000] {logging_mixin.py:188} INFO - [2025-11-05T03:57:23.027+0000] {dag.py:3096} INFO - Sync 1 DAGs
[2025-11-05T03:57:23.160+0000] {logging_mixin.py:188} INFO - [2025-11-05T03:57:23.160+0000] {dag.py:3954} INFO - Setting next_dagrun for imdb_pipeline to 2025-11-05 00:00:00+00:00, run_after=2025-11-06 00:00:00+00:00
[2025-11-05T03:57:23.175+0000] {processor.py:183} INFO - Processing /opt/airflow/dags/imdb_pipeline.py took 0.437 seconds
[2025-11-05T03:57:53.371+0000] {processor.py:161} INFO - Started process (PID=237) to work on /opt/airflow/dags/imdb_pipeline.py
[2025-11-05T03:57:53.372+0000] {processor.py:830} INFO - Processing file /opt/airflow/dags/imdb_pipeline.py for tasks to queue
[2025-11-05T03:57:53.375+0000] {logging_mixin.py:188} INFO - [2025-11-05T03:57:53.374+0000] {dagbag.py:545} INFO - Filling up the DagBag from /opt/airflow/dags/imdb_pipeline.py
[2025-11-05T03:57:53.654+0000] {processor.py:840} INFO - DAG(s) 'imdb_pipeline' retrieved from /opt/airflow/dags/imdb_pipeline.py
[2025-11-05T03:57:53.680+0000] {logging_mixin.py:188} INFO - [2025-11-05T03:57:53.680+0000] {dag.py:3096} INFO - Sync 1 DAGs
[2025-11-05T03:57:53.698+0000] {logging_mixin.py:188} INFO - [2025-11-05T03:57:53.698+0000] {dag.py:3954} INFO - Setting next_dagrun for imdb_pipeline to 2025-11-05 00:00:00+00:00, run_after=2025-11-06 00:00:00+00:00
[2025-11-05T03:57:53.713+0000] {processor.py:183} INFO - Processing /opt/airflow/dags/imdb_pipeline.py took 0.350 seconds
[2025-11-05T03:58:23.930+0000] {processor.py:161} INFO - Started process (PID=239) to work on /opt/airflow/dags/imdb_pipeline.py
[2025-11-05T03:58:23.931+0000] {processor.py:830} INFO - Processing file /opt/airflow/dags/imdb_pipeline.py for tasks to queue
[2025-11-05T03:58:23.932+0000] {logging_mixin.py:188} INFO - [2025-11-05T03:58:23.932+0000] {dagbag.py:545} INFO - Filling up the DagBag from /opt/airflow/dags/imdb_pipeline.py
[2025-11-05T03:58:24.178+0000] {processor.py:840} INFO - DAG(s) 'imdb_pipeline' retrieved from /opt/airflow/dags/imdb_pipeline.py
[2025-11-05T03:58:24.202+0000] {logging_mixin.py:188} INFO - [2025-11-05T03:58:24.202+0000] {dag.py:3096} INFO - Sync 1 DAGs
[2025-11-05T03:58:24.220+0000] {logging_mixin.py:188} INFO - [2025-11-05T03:58:24.220+0000] {dag.py:3954} INFO - Setting next_dagrun for imdb_pipeline to 2025-11-05 00:00:00+00:00, run_after=2025-11-06 00:00:00+00:00
[2025-11-05T03:58:24.234+0000] {processor.py:183} INFO - Processing /opt/airflow/dags/imdb_pipeline.py took 0.311 seconds
[2025-11-05T03:58:54.435+0000] {processor.py:161} INFO - Started process (PID=241) to work on /opt/airflow/dags/imdb_pipeline.py
[2025-11-05T03:58:54.436+0000] {processor.py:830} INFO - Processing file /opt/airflow/dags/imdb_pipeline.py for tasks to queue
[2025-11-05T03:58:54.438+0000] {logging_mixin.py:188} INFO - [2025-11-05T03:58:54.437+0000] {dagbag.py:545} INFO - Filling up the DagBag from /opt/airflow/dags/imdb_pipeline.py
[2025-11-05T03:58:54.775+0000] {processor.py:840} INFO - DAG(s) 'imdb_pipeline' retrieved from /opt/airflow/dags/imdb_pipeline.py
[2025-11-05T03:58:54.876+0000] {logging_mixin.py:188} INFO - [2025-11-05T03:58:54.875+0000] {dag.py:3096} INFO - Sync 1 DAGs
[2025-11-05T03:58:54.925+0000] {logging_mixin.py:188} INFO - [2025-11-05T03:58:54.925+0000] {dag.py:3954} INFO - Setting next_dagrun for imdb_pipeline to 2025-11-05 00:00:00+00:00, run_after=2025-11-06 00:00:00+00:00
[2025-11-05T03:58:54.972+0000] {processor.py:183} INFO - Processing /opt/airflow/dags/imdb_pipeline.py took 0.546 seconds
[2025-11-05T03:59:25.220+0000] {processor.py:161} INFO - Started process (PID=243) to work on /opt/airflow/dags/imdb_pipeline.py
[2025-11-05T03:59:25.221+0000] {processor.py:830} INFO - Processing file /opt/airflow/dags/imdb_pipeline.py for tasks to queue
[2025-11-05T03:59:25.222+0000] {logging_mixin.py:188} INFO - [2025-11-05T03:59:25.222+0000] {dagbag.py:545} INFO - Filling up the DagBag from /opt/airflow/dags/imdb_pipeline.py
[2025-11-05T03:59:25.474+0000] {processor.py:840} INFO - DAG(s) 'imdb_pipeline' retrieved from /opt/airflow/dags/imdb_pipeline.py
[2025-11-05T03:59:25.500+0000] {logging_mixin.py:188} INFO - [2025-11-05T03:59:25.499+0000] {dag.py:3096} INFO - Sync 1 DAGs
[2025-11-05T03:59:25.518+0000] {logging_mixin.py:188} INFO - [2025-11-05T03:59:25.518+0000] {dag.py:3954} INFO - Setting next_dagrun for imdb_pipeline to 2025-11-05 00:00:00+00:00, run_after=2025-11-06 00:00:00+00:00
[2025-11-05T03:59:25.659+0000] {processor.py:183} INFO - Processing /opt/airflow/dags/imdb_pipeline.py took 0.446 seconds
[2025-11-05T03:59:55.809+0000] {processor.py:161} INFO - Started process (PID=245) to work on /opt/airflow/dags/imdb_pipeline.py
[2025-11-05T03:59:55.810+0000] {processor.py:830} INFO - Processing file /opt/airflow/dags/imdb_pipeline.py for tasks to queue
[2025-11-05T03:59:55.812+0000] {logging_mixin.py:188} INFO - [2025-11-05T03:59:55.811+0000] {dagbag.py:545} INFO - Filling up the DagBag from /opt/airflow/dags/imdb_pipeline.py
[2025-11-05T03:59:56.054+0000] {processor.py:840} INFO - DAG(s) 'imdb_pipeline' retrieved from /opt/airflow/dags/imdb_pipeline.py
[2025-11-05T03:59:56.078+0000] {logging_mixin.py:188} INFO - [2025-11-05T03:59:56.077+0000] {dag.py:3096} INFO - Sync 1 DAGs
[2025-11-05T03:59:56.216+0000] {logging_mixin.py:188} INFO - [2025-11-05T03:59:56.216+0000] {dag.py:3954} INFO - Setting next_dagrun for imdb_pipeline to 2025-11-05 00:00:00+00:00, run_after=2025-11-06 00:00:00+00:00
[2025-11-05T03:59:56.234+0000] {processor.py:183} INFO - Processing /opt/airflow/dags/imdb_pipeline.py took 0.432 seconds
[2025-11-05T04:00:26.429+0000] {processor.py:161} INFO - Started process (PID=247) to work on /opt/airflow/dags/imdb_pipeline.py
[2025-11-05T04:00:26.430+0000] {processor.py:830} INFO - Processing file /opt/airflow/dags/imdb_pipeline.py for tasks to queue
[2025-11-05T04:00:26.432+0000] {logging_mixin.py:188} INFO - [2025-11-05T04:00:26.431+0000] {dagbag.py:545} INFO - Filling up the DagBag from /opt/airflow/dags/imdb_pipeline.py
[2025-11-05T04:00:26.718+0000] {processor.py:840} INFO - DAG(s) 'imdb_pipeline' retrieved from /opt/airflow/dags/imdb_pipeline.py
[2025-11-05T04:00:26.748+0000] {logging_mixin.py:188} INFO - [2025-11-05T04:00:26.748+0000] {dag.py:3096} INFO - Sync 1 DAGs
[2025-11-05T04:00:26.771+0000] {logging_mixin.py:188} INFO - [2025-11-05T04:00:26.771+0000] {dag.py:3954} INFO - Setting next_dagrun for imdb_pipeline to 2025-11-05 00:00:00+00:00, run_after=2025-11-06 00:00:00+00:00
[2025-11-05T04:00:26.790+0000] {processor.py:183} INFO - Processing /opt/airflow/dags/imdb_pipeline.py took 0.368 seconds
[2025-11-05T04:00:56.975+0000] {processor.py:161} INFO - Started process (PID=249) to work on /opt/airflow/dags/imdb_pipeline.py
[2025-11-05T04:00:56.976+0000] {processor.py:830} INFO - Processing file /opt/airflow/dags/imdb_pipeline.py for tasks to queue
[2025-11-05T04:00:56.978+0000] {logging_mixin.py:188} INFO - [2025-11-05T04:00:56.977+0000] {dagbag.py:545} INFO - Filling up the DagBag from /opt/airflow/dags/imdb_pipeline.py
[2025-11-05T04:00:57.240+0000] {processor.py:840} INFO - DAG(s) 'imdb_pipeline' retrieved from /opt/airflow/dags/imdb_pipeline.py
[2025-11-05T04:00:57.265+0000] {logging_mixin.py:188} INFO - [2025-11-05T04:00:57.265+0000] {dag.py:3096} INFO - Sync 1 DAGs
[2025-11-05T04:00:57.282+0000] {logging_mixin.py:188} INFO - [2025-11-05T04:00:57.282+0000] {dag.py:3954} INFO - Setting next_dagrun for imdb_pipeline to 2025-11-05 00:00:00+00:00, run_after=2025-11-06 00:00:00+00:00
[2025-11-05T04:00:57.296+0000] {processor.py:183} INFO - Processing /opt/airflow/dags/imdb_pipeline.py took 0.329 seconds
[2025-11-05T04:01:27.524+0000] {processor.py:161} INFO - Started process (PID=251) to work on /opt/airflow/dags/imdb_pipeline.py
[2025-11-05T04:01:27.525+0000] {processor.py:830} INFO - Processing file /opt/airflow/dags/imdb_pipeline.py for tasks to queue
[2025-11-05T04:01:27.527+0000] {logging_mixin.py:188} INFO - [2025-11-05T04:01:27.527+0000] {dagbag.py:545} INFO - Filling up the DagBag from /opt/airflow/dags/imdb_pipeline.py
[2025-11-05T04:01:27.789+0000] {processor.py:840} INFO - DAG(s) 'imdb_pipeline' retrieved from /opt/airflow/dags/imdb_pipeline.py
[2025-11-05T04:01:27.812+0000] {logging_mixin.py:188} INFO - [2025-11-05T04:01:27.812+0000] {dag.py:3096} INFO - Sync 1 DAGs
[2025-11-05T04:01:27.830+0000] {logging_mixin.py:188} INFO - [2025-11-05T04:01:27.830+0000] {dag.py:3954} INFO - Setting next_dagrun for imdb_pipeline to 2025-11-05 00:00:00+00:00, run_after=2025-11-06 00:00:00+00:00
[2025-11-05T04:01:27.848+0000] {processor.py:183} INFO - Processing /opt/airflow/dags/imdb_pipeline.py took 0.334 seconds
[2025-11-05T04:01:58.051+0000] {processor.py:161} INFO - Started process (PID=253) to work on /opt/airflow/dags/imdb_pipeline.py
[2025-11-05T04:01:58.052+0000] {processor.py:830} INFO - Processing file /opt/airflow/dags/imdb_pipeline.py for tasks to queue
[2025-11-05T04:01:58.054+0000] {logging_mixin.py:188} INFO - [2025-11-05T04:01:58.054+0000] {dagbag.py:545} INFO - Filling up the DagBag from /opt/airflow/dags/imdb_pipeline.py
[2025-11-05T04:01:58.327+0000] {processor.py:840} INFO - DAG(s) 'imdb_pipeline' retrieved from /opt/airflow/dags/imdb_pipeline.py
[2025-11-05T04:01:58.354+0000] {logging_mixin.py:188} INFO - [2025-11-05T04:01:58.353+0000] {dag.py:3096} INFO - Sync 1 DAGs
[2025-11-05T04:01:58.374+0000] {logging_mixin.py:188} INFO - [2025-11-05T04:01:58.374+0000] {dag.py:3954} INFO - Setting next_dagrun for imdb_pipeline to 2025-11-05 00:00:00+00:00, run_after=2025-11-06 00:00:00+00:00
[2025-11-05T04:01:58.559+0000] {processor.py:183} INFO - Processing /opt/airflow/dags/imdb_pipeline.py took 0.515 seconds
[2025-11-05T04:02:28.796+0000] {processor.py:161} INFO - Started process (PID=255) to work on /opt/airflow/dags/imdb_pipeline.py
[2025-11-05T04:02:28.796+0000] {processor.py:830} INFO - Processing file /opt/airflow/dags/imdb_pipeline.py for tasks to queue
[2025-11-05T04:02:28.798+0000] {logging_mixin.py:188} INFO - [2025-11-05T04:02:28.798+0000] {dagbag.py:545} INFO - Filling up the DagBag from /opt/airflow/dags/imdb_pipeline.py
[2025-11-05T04:02:29.053+0000] {processor.py:840} INFO - DAG(s) 'imdb_pipeline' retrieved from /opt/airflow/dags/imdb_pipeline.py
[2025-11-05T04:02:29.077+0000] {logging_mixin.py:188} INFO - [2025-11-05T04:02:29.077+0000] {dag.py:3096} INFO - Sync 1 DAGs
[2025-11-05T04:02:29.215+0000] {logging_mixin.py:188} INFO - [2025-11-05T04:02:29.215+0000] {dag.py:3954} INFO - Setting next_dagrun for imdb_pipeline to 2025-11-05 00:00:00+00:00, run_after=2025-11-06 00:00:00+00:00
[2025-11-05T04:02:29.230+0000] {processor.py:183} INFO - Processing /opt/airflow/dags/imdb_pipeline.py took 0.441 seconds
[2025-11-05T04:02:59.442+0000] {processor.py:161} INFO - Started process (PID=257) to work on /opt/airflow/dags/imdb_pipeline.py
[2025-11-05T04:02:59.443+0000] {processor.py:830} INFO - Processing file /opt/airflow/dags/imdb_pipeline.py for tasks to queue
[2025-11-05T04:02:59.445+0000] {logging_mixin.py:188} INFO - [2025-11-05T04:02:59.444+0000] {dagbag.py:545} INFO - Filling up the DagBag from /opt/airflow/dags/imdb_pipeline.py
[2025-11-05T04:02:59.697+0000] {processor.py:840} INFO - DAG(s) 'imdb_pipeline' retrieved from /opt/airflow/dags/imdb_pipeline.py
[2025-11-05T04:02:59.720+0000] {logging_mixin.py:188} INFO - [2025-11-05T04:02:59.720+0000] {dag.py:3096} INFO - Sync 1 DAGs
[2025-11-05T04:02:59.739+0000] {logging_mixin.py:188} INFO - [2025-11-05T04:02:59.739+0000] {dag.py:3954} INFO - Setting next_dagrun for imdb_pipeline to 2025-11-05 00:00:00+00:00, run_after=2025-11-06 00:00:00+00:00
[2025-11-05T04:02:59.755+0000] {processor.py:183} INFO - Processing /opt/airflow/dags/imdb_pipeline.py took 0.320 seconds
[2025-11-05T04:03:29.941+0000] {processor.py:161} INFO - Started process (PID=259) to work on /opt/airflow/dags/imdb_pipeline.py
[2025-11-05T04:03:29.942+0000] {processor.py:830} INFO - Processing file /opt/airflow/dags/imdb_pipeline.py for tasks to queue
[2025-11-05T04:03:29.944+0000] {logging_mixin.py:188} INFO - [2025-11-05T04:03:29.943+0000] {dagbag.py:545} INFO - Filling up the DagBag from /opt/airflow/dags/imdb_pipeline.py
[2025-11-05T04:03:30.180+0000] {processor.py:840} INFO - DAG(s) 'imdb_pipeline' retrieved from /opt/airflow/dags/imdb_pipeline.py
[2025-11-05T04:03:30.208+0000] {logging_mixin.py:188} INFO - [2025-11-05T04:03:30.208+0000] {dag.py:3096} INFO - Sync 1 DAGs
[2025-11-05T04:03:30.227+0000] {logging_mixin.py:188} INFO - [2025-11-05T04:03:30.226+0000] {dag.py:3954} INFO - Setting next_dagrun for imdb_pipeline to 2025-11-05 00:00:00+00:00, run_after=2025-11-06 00:00:00+00:00
[2025-11-05T04:03:30.246+0000] {processor.py:183} INFO - Processing /opt/airflow/dags/imdb_pipeline.py took 0.311 seconds
[2025-11-05T04:04:00.439+0000] {processor.py:161} INFO - Started process (PID=261) to work on /opt/airflow/dags/imdb_pipeline.py
[2025-11-05T04:04:00.440+0000] {processor.py:830} INFO - Processing file /opt/airflow/dags/imdb_pipeline.py for tasks to queue
[2025-11-05T04:04:00.442+0000] {logging_mixin.py:188} INFO - [2025-11-05T04:04:00.442+0000] {dagbag.py:545} INFO - Filling up the DagBag from /opt/airflow/dags/imdb_pipeline.py
[2025-11-05T04:04:00.753+0000] {processor.py:840} INFO - DAG(s) 'imdb_pipeline' retrieved from /opt/airflow/dags/imdb_pipeline.py
[2025-11-05T04:04:00.779+0000] {logging_mixin.py:188} INFO - [2025-11-05T04:04:00.779+0000] {dag.py:3096} INFO - Sync 1 DAGs
[2025-11-05T04:04:00.797+0000] {logging_mixin.py:188} INFO - [2025-11-05T04:04:00.796+0000] {dag.py:3954} INFO - Setting next_dagrun for imdb_pipeline to 2025-11-05 00:00:00+00:00, run_after=2025-11-06 00:00:00+00:00
[2025-11-05T04:04:00.811+0000] {processor.py:183} INFO - Processing /opt/airflow/dags/imdb_pipeline.py took 0.380 seconds
[2025-11-05T04:04:31.034+0000] {processor.py:161} INFO - Started process (PID=263) to work on /opt/airflow/dags/imdb_pipeline.py
[2025-11-05T04:04:31.036+0000] {processor.py:830} INFO - Processing file /opt/airflow/dags/imdb_pipeline.py for tasks to queue
[2025-11-05T04:04:31.038+0000] {logging_mixin.py:188} INFO - [2025-11-05T04:04:31.037+0000] {dagbag.py:545} INFO - Filling up the DagBag from /opt/airflow/dags/imdb_pipeline.py
[2025-11-05T04:04:31.313+0000] {processor.py:840} INFO - DAG(s) 'imdb_pipeline' retrieved from /opt/airflow/dags/imdb_pipeline.py
[2025-11-05T04:04:31.342+0000] {logging_mixin.py:188} INFO - [2025-11-05T04:04:31.341+0000] {dag.py:3096} INFO - Sync 1 DAGs
[2025-11-05T04:04:31.364+0000] {logging_mixin.py:188} INFO - [2025-11-05T04:04:31.364+0000] {dag.py:3954} INFO - Setting next_dagrun for imdb_pipeline to 2025-11-05 00:00:00+00:00, run_after=2025-11-06 00:00:00+00:00
[2025-11-05T04:04:31.541+0000] {processor.py:183} INFO - Processing /opt/airflow/dags/imdb_pipeline.py took 0.517 seconds
[2025-11-05T04:05:01.745+0000] {processor.py:161} INFO - Started process (PID=265) to work on /opt/airflow/dags/imdb_pipeline.py
[2025-11-05T04:05:01.746+0000] {processor.py:830} INFO - Processing file /opt/airflow/dags/imdb_pipeline.py for tasks to queue
[2025-11-05T04:05:01.747+0000] {logging_mixin.py:188} INFO - [2025-11-05T04:05:01.747+0000] {dagbag.py:545} INFO - Filling up the DagBag from /opt/airflow/dags/imdb_pipeline.py
[2025-11-05T04:05:02.068+0000] {processor.py:840} INFO - DAG(s) 'imdb_pipeline' retrieved from /opt/airflow/dags/imdb_pipeline.py
[2025-11-05T04:05:02.116+0000] {logging_mixin.py:188} INFO - [2025-11-05T04:05:02.115+0000] {dag.py:3096} INFO - Sync 1 DAGs
[2025-11-05T04:05:02.258+0000] {logging_mixin.py:188} INFO - [2025-11-05T04:05:02.258+0000] {dag.py:3954} INFO - Setting next_dagrun for imdb_pipeline to 2025-11-05 00:00:00+00:00, run_after=2025-11-06 00:00:00+00:00
[2025-11-05T04:05:02.273+0000] {processor.py:183} INFO - Processing /opt/airflow/dags/imdb_pipeline.py took 0.535 seconds
[2025-11-05T04:05:32.425+0000] {processor.py:161} INFO - Started process (PID=267) to work on /opt/airflow/dags/imdb_pipeline.py
[2025-11-05T04:05:32.426+0000] {processor.py:830} INFO - Processing file /opt/airflow/dags/imdb_pipeline.py for tasks to queue
[2025-11-05T04:05:32.427+0000] {logging_mixin.py:188} INFO - [2025-11-05T04:05:32.427+0000] {dagbag.py:545} INFO - Filling up the DagBag from /opt/airflow/dags/imdb_pipeline.py
[2025-11-05T04:05:32.676+0000] {processor.py:840} INFO - DAG(s) 'imdb_pipeline' retrieved from /opt/airflow/dags/imdb_pipeline.py
[2025-11-05T04:05:32.701+0000] {logging_mixin.py:188} INFO - [2025-11-05T04:05:32.701+0000] {dag.py:3096} INFO - Sync 1 DAGs
[2025-11-05T04:05:32.833+0000] {logging_mixin.py:188} INFO - [2025-11-05T04:05:32.833+0000] {dag.py:3954} INFO - Setting next_dagrun for imdb_pipeline to 2025-11-05 00:00:00+00:00, run_after=2025-11-06 00:00:00+00:00
[2025-11-05T04:05:32.849+0000] {processor.py:183} INFO - Processing /opt/airflow/dags/imdb_pipeline.py took 0.431 seconds
[2025-11-05T04:06:03.062+0000] {processor.py:161} INFO - Started process (PID=269) to work on /opt/airflow/dags/imdb_pipeline.py
[2025-11-05T04:06:03.062+0000] {processor.py:830} INFO - Processing file /opt/airflow/dags/imdb_pipeline.py for tasks to queue
[2025-11-05T04:06:03.064+0000] {logging_mixin.py:188} INFO - [2025-11-05T04:06:03.064+0000] {dagbag.py:545} INFO - Filling up the DagBag from /opt/airflow/dags/imdb_pipeline.py
[2025-11-05T04:06:03.336+0000] {processor.py:840} INFO - DAG(s) 'imdb_pipeline' retrieved from /opt/airflow/dags/imdb_pipeline.py
[2025-11-05T04:06:03.361+0000] {logging_mixin.py:188} INFO - [2025-11-05T04:06:03.361+0000] {dag.py:3096} INFO - Sync 1 DAGs
[2025-11-05T04:06:03.379+0000] {logging_mixin.py:188} INFO - [2025-11-05T04:06:03.379+0000] {dag.py:3954} INFO - Setting next_dagrun for imdb_pipeline to 2025-11-05 00:00:00+00:00, run_after=2025-11-06 00:00:00+00:00
[2025-11-05T04:06:03.400+0000] {processor.py:183} INFO - Processing /opt/airflow/dags/imdb_pipeline.py took 0.345 seconds
[2025-11-05T04:06:33.611+0000] {processor.py:161} INFO - Started process (PID=271) to work on /opt/airflow/dags/imdb_pipeline.py
[2025-11-05T04:06:33.612+0000] {processor.py:830} INFO - Processing file /opt/airflow/dags/imdb_pipeline.py for tasks to queue
[2025-11-05T04:06:33.614+0000] {logging_mixin.py:188} INFO - [2025-11-05T04:06:33.614+0000] {dagbag.py:545} INFO - Filling up the DagBag from /opt/airflow/dags/imdb_pipeline.py
[2025-11-05T04:06:33.980+0000] {processor.py:840} INFO - DAG(s) 'imdb_pipeline' retrieved from /opt/airflow/dags/imdb_pipeline.py
[2025-11-05T04:06:34.009+0000] {logging_mixin.py:188} INFO - [2025-11-05T04:06:34.008+0000] {dag.py:3096} INFO - Sync 1 DAGs
[2025-11-05T04:06:34.031+0000] {logging_mixin.py:188} INFO - [2025-11-05T04:06:34.030+0000] {dag.py:3954} INFO - Setting next_dagrun for imdb_pipeline to 2025-11-05 00:00:00+00:00, run_after=2025-11-06 00:00:00+00:00
[2025-11-05T04:06:34.050+0000] {processor.py:183} INFO - Processing /opt/airflow/dags/imdb_pipeline.py took 0.447 seconds
[2025-11-05T04:07:04.257+0000] {processor.py:161} INFO - Started process (PID=273) to work on /opt/airflow/dags/imdb_pipeline.py
[2025-11-05T04:07:04.258+0000] {processor.py:830} INFO - Processing file /opt/airflow/dags/imdb_pipeline.py for tasks to queue
[2025-11-05T04:07:04.260+0000] {logging_mixin.py:188} INFO - [2025-11-05T04:07:04.259+0000] {dagbag.py:545} INFO - Filling up the DagBag from /opt/airflow/dags/imdb_pipeline.py
[2025-11-05T04:07:04.532+0000] {processor.py:840} INFO - DAG(s) 'imdb_pipeline' retrieved from /opt/airflow/dags/imdb_pipeline.py
[2025-11-05T04:07:04.556+0000] {logging_mixin.py:188} INFO - [2025-11-05T04:07:04.555+0000] {dag.py:3096} INFO - Sync 1 DAGs
[2025-11-05T04:07:04.573+0000] {logging_mixin.py:188} INFO - [2025-11-05T04:07:04.573+0000] {dag.py:3954} INFO - Setting next_dagrun for imdb_pipeline to 2025-11-05 00:00:00+00:00, run_after=2025-11-06 00:00:00+00:00
[2025-11-05T04:07:04.724+0000] {processor.py:183} INFO - Processing /opt/airflow/dags/imdb_pipeline.py took 0.475 seconds
[2025-11-05T04:07:34.944+0000] {processor.py:161} INFO - Started process (PID=275) to work on /opt/airflow/dags/imdb_pipeline.py
[2025-11-05T04:07:34.945+0000] {processor.py:830} INFO - Processing file /opt/airflow/dags/imdb_pipeline.py for tasks to queue
[2025-11-05T04:07:34.946+0000] {logging_mixin.py:188} INFO - [2025-11-05T04:07:34.946+0000] {dagbag.py:545} INFO - Filling up the DagBag from /opt/airflow/dags/imdb_pipeline.py
[2025-11-05T04:07:35.193+0000] {processor.py:840} INFO - DAG(s) 'imdb_pipeline' retrieved from /opt/airflow/dags/imdb_pipeline.py
[2025-11-05T04:07:35.218+0000] {logging_mixin.py:188} INFO - [2025-11-05T04:07:35.218+0000] {dag.py:3096} INFO - Sync 1 DAGs
[2025-11-05T04:07:35.366+0000] {logging_mixin.py:188} INFO - [2025-11-05T04:07:35.365+0000] {dag.py:3954} INFO - Setting next_dagrun for imdb_pipeline to 2025-11-05 00:00:00+00:00, run_after=2025-11-06 00:00:00+00:00
[2025-11-05T04:07:35.380+0000] {processor.py:183} INFO - Processing /opt/airflow/dags/imdb_pipeline.py took 0.443 seconds
[2025-11-05T04:08:05.617+0000] {processor.py:161} INFO - Started process (PID=277) to work on /opt/airflow/dags/imdb_pipeline.py
[2025-11-05T04:08:05.618+0000] {processor.py:830} INFO - Processing file /opt/airflow/dags/imdb_pipeline.py for tasks to queue
[2025-11-05T04:08:05.620+0000] {logging_mixin.py:188} INFO - [2025-11-05T04:08:05.620+0000] {dagbag.py:545} INFO - Filling up the DagBag from /opt/airflow/dags/imdb_pipeline.py
[2025-11-05T04:08:05.897+0000] {processor.py:840} INFO - DAG(s) 'imdb_pipeline' retrieved from /opt/airflow/dags/imdb_pipeline.py
[2025-11-05T04:08:05.921+0000] {logging_mixin.py:188} INFO - [2025-11-05T04:08:05.921+0000] {dag.py:3096} INFO - Sync 1 DAGs
[2025-11-05T04:08:06.061+0000] {logging_mixin.py:188} INFO - [2025-11-05T04:08:06.061+0000] {dag.py:3954} INFO - Setting next_dagrun for imdb_pipeline to 2025-11-05 00:00:00+00:00, run_after=2025-11-06 00:00:00+00:00
[2025-11-05T04:08:06.075+0000] {processor.py:183} INFO - Processing /opt/airflow/dags/imdb_pipeline.py took 0.468 seconds
[2025-11-05T04:08:36.322+0000] {processor.py:161} INFO - Started process (PID=279) to work on /opt/airflow/dags/imdb_pipeline.py
[2025-11-05T04:08:36.323+0000] {processor.py:830} INFO - Processing file /opt/airflow/dags/imdb_pipeline.py for tasks to queue
[2025-11-05T04:08:36.325+0000] {logging_mixin.py:188} INFO - [2025-11-05T04:08:36.324+0000] {dagbag.py:545} INFO - Filling up the DagBag from /opt/airflow/dags/imdb_pipeline.py
[2025-11-05T04:08:36.607+0000] {processor.py:840} INFO - DAG(s) 'imdb_pipeline' retrieved from /opt/airflow/dags/imdb_pipeline.py
[2025-11-05T04:08:36.632+0000] {logging_mixin.py:188} INFO - [2025-11-05T04:08:36.631+0000] {dag.py:3096} INFO - Sync 1 DAGs
[2025-11-05T04:08:36.649+0000] {logging_mixin.py:188} INFO - [2025-11-05T04:08:36.649+0000] {dag.py:3954} INFO - Setting next_dagrun for imdb_pipeline to 2025-11-05 00:00:00+00:00, run_after=2025-11-06 00:00:00+00:00
[2025-11-05T04:08:36.666+0000] {processor.py:183} INFO - Processing /opt/airflow/dags/imdb_pipeline.py took 0.352 seconds
