[2025-11-05T03:49:11.244+0000] {manager.py:470} INFO - Processing files using up to 2 processes at a time 
[2025-11-05T03:49:11.251+0000] {manager.py:471} INFO - Process each file at most once every 30 seconds
[2025-11-05T03:49:11.255+0000] {manager.py:472} INFO - Checking for new files in /opt/airflow/dags every 300 seconds
[2025-11-05T03:49:11.256+0000] {manager.py:737} INFO - Searching for files in /opt/airflow/dags
[2025-11-05T03:49:11.289+0000] {manager.py:740} INFO - There are 1 files in /opt/airflow/dags
[2025-11-05T03:49:11.391+0000] {manager.py:878} INFO - 
================================================================================
DAG File Processing Stats

File Path                             PID  Runtime      # DAGs    # Errors  Last Runtime    Last Run
----------------------------------  -----  ---------  --------  ----------  --------------  ----------
/opt/airflow/dags/imdb_pipeline.py     45  0.04s             0           0
================================================================================
[2025-11-05T03:49:41.498+0000] {manager.py:878} INFO - 
================================================================================
DAG File Processing Stats

File Path                           PID    Runtime      # DAGs    # Errors  Last Runtime    Last Run
----------------------------------  -----  ---------  --------  ----------  --------------  -------------------
/opt/airflow/dags/imdb_pipeline.py                           1           0  2.00s           2025-11-05T03:49:13
================================================================================
[2025-11-05T03:50:11.705+0000] {manager.py:878} INFO - 
================================================================================
DAG File Processing Stats

File Path                           PID    Runtime      # DAGs    # Errors  Last Runtime    Last Run
----------------------------------  -----  ---------  --------  ----------  --------------  -------------------
/opt/airflow/dags/imdb_pipeline.py                           1           0  0.49s           2025-11-05T03:49:44
================================================================================
[2025-11-05T03:50:41.923+0000] {manager.py:878} INFO - 
================================================================================
DAG File Processing Stats

File Path                           PID    Runtime      # DAGs    # Errors  Last Runtime    Last Run
----------------------------------  -----  ---------  --------  ----------  --------------  -------------------
/opt/airflow/dags/imdb_pipeline.py                           1           0  0.67s           2025-11-05T03:50:14
================================================================================
[2025-11-05T03:51:12.244+0000] {manager.py:878} INFO - 
================================================================================
DAG File Processing Stats

File Path                           PID    Runtime      # DAGs    # Errors  Last Runtime    Last Run
----------------------------------  -----  ---------  --------  ----------  --------------  -------------------
/opt/airflow/dags/imdb_pipeline.py                           1           0  0.36s           2025-11-05T03:50:45
================================================================================
[2025-11-05T03:51:42.706+0000] {manager.py:878} INFO - 
================================================================================
DAG File Processing Stats

File Path                           PID    Runtime      # DAGs    # Errors  Last Runtime    Last Run
----------------------------------  -----  ---------  --------  ----------  --------------  -------------------
/opt/airflow/dags/imdb_pipeline.py                           1           0  0.29s           2025-11-05T03:51:15
================================================================================
[2025-11-05T03:52:13.202+0000] {manager.py:878} INFO - 
================================================================================
DAG File Processing Stats

File Path                           PID    Runtime      # DAGs    # Errors  Last Runtime    Last Run
----------------------------------  -----  ---------  --------  ----------  --------------  -------------------
/opt/airflow/dags/imdb_pipeline.py                           1           0  0.48s           2025-11-05T03:51:46
================================================================================
[2025-11-05T03:52:43.241+0000] {manager.py:878} INFO - 
================================================================================
DAG File Processing Stats

File Path                           PID    Runtime      # DAGs    # Errors  Last Runtime    Last Run
----------------------------------  -----  ---------  --------  ----------  --------------  -------------------
/opt/airflow/dags/imdb_pipeline.py                           1           0  0.36s           2025-11-05T03:52:17
================================================================================
[2025-11-05T03:53:13.385+0000] {manager.py:878} INFO - 
================================================================================
DAG File Processing Stats

File Path                           PID    Runtime      # DAGs    # Errors  Last Runtime    Last Run
----------------------------------  -----  ---------  --------  ----------  --------------  -------------------
/opt/airflow/dags/imdb_pipeline.py                           1           0  0.42s           2025-11-05T03:52:47
================================================================================
[2025-11-05T03:53:43.398+0000] {manager.py:878} INFO - 
================================================================================
DAG File Processing Stats

File Path                           PID    Runtime      # DAGs    # Errors  Last Runtime    Last Run
----------------------------------  -----  ---------  --------  ----------  --------------  -------------------
/opt/airflow/dags/imdb_pipeline.py                           1           0  0.43s           2025-11-05T03:53:18
================================================================================
[2025-11-05T03:54:11.558+0000] {manager.py:737} INFO - Searching for files in /opt/airflow/dags
[2025-11-05T03:54:11.571+0000] {manager.py:740} INFO - There are 1 files in /opt/airflow/dags
[2025-11-05T03:54:13.588+0000] {manager.py:878} INFO - 
================================================================================
DAG File Processing Stats

File Path                           PID    Runtime      # DAGs    # Errors  Last Runtime    Last Run
----------------------------------  -----  ---------  --------  ----------  --------------  -------------------
/opt/airflow/dags/imdb_pipeline.py                           1           0  0.38s           2025-11-05T03:53:48
================================================================================
[2025-11-05T03:54:43.603+0000] {manager.py:878} INFO - 
================================================================================
DAG File Processing Stats

File Path                           PID    Runtime      # DAGs    # Errors  Last Runtime    Last Run
----------------------------------  -----  ---------  --------  ----------  --------------  -------------------
/opt/airflow/dags/imdb_pipeline.py                           1           0  0.45s           2025-11-05T03:54:19
================================================================================
[2025-11-05T03:55:13.847+0000] {manager.py:878} INFO - 
================================================================================
DAG File Processing Stats

File Path                           PID    Runtime      # DAGs    # Errors  Last Runtime    Last Run
----------------------------------  -----  ---------  --------  ----------  --------------  -------------------
/opt/airflow/dags/imdb_pipeline.py                           1           0  0.47s           2025-11-05T03:54:50
================================================================================
[2025-11-05T03:55:44.482+0000] {manager.py:878} INFO - 
================================================================================
DAG File Processing Stats

File Path                           PID    Runtime      # DAGs    # Errors  Last Runtime    Last Run
----------------------------------  -----  ---------  --------  ----------  --------------  -------------------
/opt/airflow/dags/imdb_pipeline.py                           1           0  0.36s           2025-11-05T03:55:20
================================================================================
[2025-11-05T03:56:15.021+0000] {manager.py:878} INFO - 
================================================================================
DAG File Processing Stats

File Path                           PID    Runtime      # DAGs    # Errors  Last Runtime    Last Run
----------------------------------  -----  ---------  --------  ----------  --------------  -------------------
/opt/airflow/dags/imdb_pipeline.py                           1           0  0.40s           2025-11-05T03:55:51
================================================================================
[2025-11-05T03:56:45.024+0000] {manager.py:878} INFO - 
================================================================================
DAG File Processing Stats

File Path                           PID    Runtime      # DAGs    # Errors  Last Runtime    Last Run
----------------------------------  -----  ---------  --------  ----------  --------------  -------------------
/opt/airflow/dags/imdb_pipeline.py                           1           0  0.43s           2025-11-05T03:56:21
================================================================================
[2025-11-05T03:57:15.201+0000] {manager.py:878} INFO - 
================================================================================
DAG File Processing Stats

File Path                           PID    Runtime      # DAGs    # Errors  Last Runtime    Last Run
----------------------------------  -----  ---------  --------  ----------  --------------  -------------------
/opt/airflow/dags/imdb_pipeline.py                           1           0  0.48s           2025-11-05T03:56:52
================================================================================
[2025-11-05T03:57:45.301+0000] {manager.py:878} INFO - 
================================================================================
DAG File Processing Stats

File Path                           PID    Runtime      # DAGs    # Errors  Last Runtime    Last Run
----------------------------------  -----  ---------  --------  ----------  --------------  -------------------
/opt/airflow/dags/imdb_pipeline.py                           1           0  0.46s           2025-11-05T03:57:23
================================================================================
[2025-11-05T03:58:15.567+0000] {manager.py:878} INFO - 
================================================================================
DAG File Processing Stats

File Path                           PID    Runtime      # DAGs    # Errors  Last Runtime    Last Run
----------------------------------  -----  ---------  --------  ----------  --------------  -------------------
/opt/airflow/dags/imdb_pipeline.py                           1           0  0.37s           2025-11-05T03:57:53
================================================================================
