[2025-11-05T03:53:31.100+0000] {local_task_job_runner.py:120} INFO - ::group::Pre task execution logs
[2025-11-05T03:53:31.128+0000] {taskinstance.py:2076} INFO - Dependencies all met for dep_context=non-requeueable deps ti=<TaskInstance: imdb_pipeline.transform_merge manual__2025-11-05T03:53:16.658337+00:00 [queued]>
[2025-11-05T03:53:31.135+0000] {taskinstance.py:2076} INFO - Dependencies all met for dep_context=requeueable deps ti=<TaskInstance: imdb_pipeline.transform_merge manual__2025-11-05T03:53:16.658337+00:00 [queued]>
[2025-11-05T03:53:31.136+0000] {taskinstance.py:2306} INFO - Starting attempt 1 of 2
[2025-11-05T03:53:31.147+0000] {taskinstance.py:2330} INFO - Executing <Task(PythonOperator): transform_merge> on 2025-11-05 03:53:16.658337+00:00
[2025-11-05T03:53:31.154+0000] {standard_task_runner.py:90} INFO - Running: ['***', 'tasks', 'run', 'imdb_pipeline', 'transform_merge', 'manual__2025-11-05T03:53:16.658337+00:00', '--job-id', '9', '--raw', '--subdir', 'DAGS_FOLDER/imdb_pipeline.py', '--cfg-path', '/tmp/tmpr0jcrv_w']
[2025-11-05T03:53:31.157+0000] {standard_task_runner.py:91} INFO - Job 9: Subtask transform_merge
[2025-11-05T03:53:31.157+0000] {logging_mixin.py:188} WARNING - /home/***/.local/lib/python3.12/site-packages/***/task/task_runner/standard_task_runner.py:61 DeprecationWarning: This process (pid=191) is multi-threaded, use of fork() may lead to deadlocks in the child.
[2025-11-05T03:53:31.158+0000] {standard_task_runner.py:63} INFO - Started process 200 to run task
[2025-11-05T03:53:31.225+0000] {task_command.py:426} INFO - Running <TaskInstance: imdb_pipeline.transform_merge manual__2025-11-05T03:53:16.658337+00:00 [running]> on host 4f94d44a4e6f
[2025-11-05T03:53:31.312+0000] {taskinstance.py:2648} INFO - Exporting env vars: AIRFLOW_CTX_DAG_OWNER='***' AIRFLOW_CTX_DAG_ID='imdb_pipeline' AIRFLOW_CTX_TASK_ID='transform_merge' AIRFLOW_CTX_EXECUTION_DATE='2025-11-05T03:53:16.658337+00:00' AIRFLOW_CTX_TRY_NUMBER='1' AIRFLOW_CTX_DAG_RUN_ID='manual__2025-11-05T03:53:16.658337+00:00'
[2025-11-05T03:53:31.313+0000] {taskinstance.py:430} INFO - ::endgroup::
[2025-11-05T03:53:31.338+0000] {logging_mixin.py:188} WARNING - /opt/***/dags/imdb_pipeline.py:39 FutureWarning: Passing literal json to 'read_json' is deprecated and will be removed in a future version. To read from a literal string, wrap it in a 'StringIO' object.
[2025-11-05T03:53:31.356+0000] {logging_mixin.py:188} WARNING - /opt/***/dags/imdb_pipeline.py:40 FutureWarning: Passing literal json to 'read_json' is deprecated and will be removed in a future version. To read from a literal string, wrap it in a 'StringIO' object.
[2025-11-05T03:53:31.384+0000] {python.py:237} INFO - Done. Returned value was: None
[2025-11-05T03:53:31.385+0000] {taskinstance.py:441} INFO - ::group::Post task execution logs
[2025-11-05T03:53:31.396+0000] {taskinstance.py:1206} INFO - Marking task as SUCCESS. dag_id=imdb_pipeline, task_id=transform_merge, run_id=manual__2025-11-05T03:53:16.658337+00:00, execution_date=20251105T035316, start_date=20251105T035331, end_date=20251105T035331
[2025-11-05T03:53:31.413+0000] {local_task_job_runner.py:240} INFO - Task exited with return code 0
[2025-11-05T03:53:31.439+0000] {taskinstance.py:3503} INFO - 1 downstream tasks scheduled from follow-on schedule check
[2025-11-05T03:53:31.442+0000] {local_task_job_runner.py:222} INFO - ::endgroup::
